This file contains any messages produced by compilers while
running configure, to aid debugging if configure makes a mistake.

It was created by ipap configure 0.1, which was
generated by GNU Autoconf 2.69.  Invocation command line was

  $ ./configure --enable-debug

## --------- ##
## Platform. ##
## --------- ##

hostname = luis-VirtualBox
uname -m = x86_64
uname -r = 3.13.0-32-generic
uname -s = Linux
uname -v = #57-Ubuntu SMP Tue Jul 15 03:51:08 UTC 2014

/usr/bin/uname -p = unknown
/bin/uname -X     = unknown

/bin/arch              = unknown
/usr/bin/arch -k       = unknown
/usr/convex/getsysinfo = unknown
/usr/bin/hostinfo      = unknown
/bin/machine           = unknown
/usr/bin/oslevel       = unknown
/bin/universe          = unknown

PATH: /usr/local/sbin
PATH: /usr/local/bin
PATH: /usr/sbin
PATH: /usr/bin
PATH: /sbin
PATH: /bin
PATH: /usr/games
PATH: /usr/local/games


## ----------- ##
## Core tests. ##
## ----------- ##

configure:2370: checking for a BSD-compatible install
configure:2438: result: /usr/bin/install -c
configure:2449: checking whether build environment is sane
configure:2504: result: yes
configure:2655: checking for a thread-safe mkdir -p
configure:2694: result: /bin/mkdir -p
configure:2701: checking for gawk
configure:2717: found /usr/bin/gawk
configure:2728: result: gawk
configure:2739: checking whether make sets $(MAKE)
configure:2761: result: yes
configure:2790: checking whether make supports nested variables
configure:2807: result: yes
configure:2966: checking for cppunit-config
configure:2984: found /usr/bin/cppunit-config
configure:2997: result: /usr/bin/cppunit-config
configure:3007: checking for Cppunit - version >= 1.9.6
configure:3053: result: 1.13.1
configure:3102: checking build system type
configure:3116: result: x86_64-unknown-linux-gnu
configure:3136: checking host system type
configure:3149: result: x86_64-unknown-linux-gnu
configure:3190: checking how to print strings
configure:3217: result: printf
configure:3250: checking for style of include used by make
configure:3278: result: GNU
configure:3349: checking for gcc
configure:3365: found /usr/bin/gcc
configure:3376: result: gcc
configure:3605: checking for C compiler version
configure:3614: gcc --version >&5
gcc (Ubuntu 4.8.2-19ubuntu1) 4.8.2
Copyright (C) 2013 Free Software Foundation, Inc.
This is free software; see the source for copying conditions.  There is NO
warranty; not even for MERCHANTABILITY or FITNESS FOR A PARTICULAR PURPOSE.

configure:3625: $? = 0
configure:3614: gcc -v >&5
Using built-in specs.
COLLECT_GCC=gcc
COLLECT_LTO_WRAPPER=/usr/lib/gcc/x86_64-linux-gnu/4.8/lto-wrapper
Target: x86_64-linux-gnu
Configured with: ../src/configure -v --with-pkgversion='Ubuntu 4.8.2-19ubuntu1' --with-bugurl=file:///usr/share/doc/gcc-4.8/README.Bugs --enable-languages=c,c++,java,go,d,fortran,objc,obj-c++ --prefix=/usr --program-suffix=-4.8 --enable-shared --enable-linker-build-id --libexecdir=/usr/lib --without-included-gettext --enable-threads=posix --with-gxx-include-dir=/usr/include/c++/4.8 --libdir=/usr/lib --enable-nls --with-sysroot=/ --enable-clocale=gnu --enable-libstdcxx-debug --enable-libstdcxx-time=yes --enable-gnu-unique-object --disable-libmudflap --enable-plugin --with-system-zlib --disable-browser-plugin --enable-java-awt=gtk --enable-gtk-cairo --with-java-home=/usr/lib/jvm/java-1.5.0-gcj-4.8-amd64/jre --enable-java-home --with-jvm-root-dir=/usr/lib/jvm/java-1.5.0-gcj-4.8-amd64 --with-jvm-jar-dir=/usr/lib/jvm-exports/java-1.5.0-gcj-4.8-amd64 --with-arch-directory=amd64 --with-ecj-jar=/usr/share/java/eclipse-ecj.jar --enable-objc-gc --enable-multiarch --disable-werror --with-arch-32=i686 --with-abi=m64 --with-multilib-list=m32,m64,mx32 --with-tune=generic --enable-checking=release --build=x86_64-linux-gnu --host=x86_64-linux-gnu --target=x86_64-linux-gnu
Thread model: posix
gcc version 4.8.2 (Ubuntu 4.8.2-19ubuntu1) 
configure:3625: $? = 0
configure:3614: gcc -V >&5
gcc: error: unrecognized command line option '-V'
gcc: fatal error: no input files
compilation terminated.
configure:3625: $? = 4
configure:3614: gcc -qversion >&5
gcc: error: unrecognized command line option '-qversion'
gcc: fatal error: no input files
compilation terminated.
configure:3625: $? = 4
configure:3645: checking whether the C compiler works
configure:3667: gcc    conftest.c  >&5
configure:3671: $? = 0
configure:3719: result: yes
configure:3722: checking for C compiler default output file name
configure:3724: result: a.out
configure:3730: checking for suffix of executables
configure:3737: gcc -o conftest    conftest.c  >&5
configure:3741: $? = 0
configure:3763: result: 
configure:3785: checking whether we are cross compiling
configure:3793: gcc -o conftest    conftest.c  >&5
configure:3797: $? = 0
configure:3804: ./conftest
configure:3808: $? = 0
configure:3823: result: no
configure:3828: checking for suffix of object files
configure:3850: gcc -c   conftest.c >&5
configure:3854: $? = 0
configure:3875: result: o
configure:3879: checking whether we are using the GNU C compiler
configure:3898: gcc -c   conftest.c >&5
configure:3898: $? = 0
configure:3907: result: yes
configure:3916: checking whether gcc accepts -g
configure:3936: gcc -c -g  conftest.c >&5
configure:3936: $? = 0
configure:3977: result: yes
configure:3994: checking for gcc option to accept ISO C89
configure:4057: gcc  -c -g -O2  conftest.c >&5
configure:4057: $? = 0
configure:4070: result: none needed
configure:4095: checking whether gcc understands -c and -o together
configure:4117: gcc -c conftest.c -o conftest2.o
configure:4120: $? = 0
configure:4117: gcc -c conftest.c -o conftest2.o
configure:4120: $? = 0
configure:4132: result: yes
configure:4151: checking dependency style of gcc
configure:4262: result: gcc3
configure:4277: checking for a sed that does not truncate output
configure:4341: result: /bin/sed
configure:4359: checking for grep that handles long lines and -e
configure:4417: result: /bin/grep
configure:4422: checking for egrep
configure:4484: result: /bin/grep -E
configure:4489: checking for fgrep
configure:4551: result: /bin/grep -F
configure:4586: checking for ld used by gcc
configure:4653: result: /usr/bin/ld
configure:4660: checking if the linker (/usr/bin/ld) is GNU ld
configure:4675: result: yes
configure:4687: checking for BSD- or MS-compatible name lister (nm)
configure:4736: result: /usr/bin/nm -B
configure:4866: checking the name lister (/usr/bin/nm -B) interface
configure:4873: gcc -c -g -O2  conftest.c >&5
configure:4876: /usr/bin/nm -B "conftest.o"
configure:4879: output
0000000000000000 B some_variable
configure:4886: result: BSD nm
configure:4889: checking whether ln -s works
configure:4893: result: yes
configure:4901: checking the maximum length of command line arguments
configure:5031: result: 1572864
configure:5048: checking whether the shell understands some XSI constructs
configure:5058: result: yes
configure:5062: checking whether the shell understands "+="
configure:5068: result: yes
configure:5103: checking how to convert x86_64-unknown-linux-gnu file names to x86_64-unknown-linux-gnu format
configure:5143: result: func_convert_file_noop
configure:5150: checking how to convert x86_64-unknown-linux-gnu file names to toolchain format
configure:5170: result: func_convert_file_noop
configure:5177: checking for /usr/bin/ld option to reload object files
configure:5184: result: -r
configure:5258: checking for objdump
configure:5274: found /usr/bin/objdump
configure:5285: result: objdump
configure:5317: checking how to recognize dependent libraries
configure:5519: result: pass_all
configure:5604: checking for dlltool
configure:5634: result: no
configure:5664: checking how to associate runtime and link libraries
configure:5691: result: printf %s\n
configure:5752: checking for ar
configure:5768: found /usr/bin/ar
configure:5779: result: ar
configure:5816: checking for archiver @FILE support
configure:5833: gcc -c -g -O2  conftest.c >&5
configure:5833: $? = 0
configure:5836: ar cru libconftest.a @conftest.lst >&5
configure:5839: $? = 0
configure:5844: ar cru libconftest.a @conftest.lst >&5
ar: conftest.o: No such file or directory
configure:5847: $? = 1
configure:5859: result: @
configure:5917: checking for strip
configure:5933: found /usr/bin/strip
configure:5944: result: strip
configure:6016: checking for ranlib
configure:6032: found /usr/bin/ranlib
configure:6043: result: ranlib
configure:6145: checking command to parse /usr/bin/nm -B output from gcc object
configure:6265: gcc -c -g -O2  conftest.c >&5
configure:6268: $? = 0
configure:6272: /usr/bin/nm -B conftest.o \| sed -n -e 's/^.*[ ]\([ABCDGIRSTW][ABCDGIRSTW]*\)[ ][ ]*\([_A-Za-z][_A-Za-z0-9]*\)$/\1 \2 \2/p' | sed '/ __gnu_lto/d' \> conftest.nm
configure:6275: $? = 0
configure:6341: gcc -o conftest -g -O2   conftest.c conftstm.o >&5
configure:6344: $? = 0
configure:6382: result: ok
configure:6419: checking for sysroot
configure:6449: result: no
configure:6526: gcc -c -g -O2  conftest.c >&5
configure:6529: $? = 0
configure:6705: checking for mt
configure:6721: found /bin/mt
configure:6732: result: mt
configure:6755: checking if mt is a manifest tool
configure:6761: mt '-?'
configure:6769: result: no
configure:7411: checking how to run the C preprocessor
configure:7442: gcc -E  conftest.c
configure:7442: $? = 0
configure:7456: gcc -E  conftest.c
conftest.c:11:28: fatal error: ac_nonexistent.h: No such file or directory
 #include <ac_nonexistent.h>
                            ^
compilation terminated.
configure:7456: $? = 1
configure: failed program was:
| /* confdefs.h */
| #define PACKAGE_NAME "ipap"
| #define PACKAGE_TARNAME "ipap"
| #define PACKAGE_VERSION "0.1"
| #define PACKAGE_STRING "ipap 0.1"
| #define PACKAGE_BUGREPORT "la.marentes455@uniandes.edu.co"
| #define PACKAGE_URL ""
| #define PACKAGE "ipap"
| #define VERSION "0.1"
| /* end confdefs.h.  */
| #include <ac_nonexistent.h>
configure:7481: result: gcc -E
configure:7501: gcc -E  conftest.c
configure:7501: $? = 0
configure:7515: gcc -E  conftest.c
conftest.c:11:28: fatal error: ac_nonexistent.h: No such file or directory
 #include <ac_nonexistent.h>
                            ^
compilation terminated.
configure:7515: $? = 1
configure: failed program was:
| /* confdefs.h */
| #define PACKAGE_NAME "ipap"
| #define PACKAGE_TARNAME "ipap"
| #define PACKAGE_VERSION "0.1"
| #define PACKAGE_STRING "ipap 0.1"
| #define PACKAGE_BUGREPORT "la.marentes455@uniandes.edu.co"
| #define PACKAGE_URL ""
| #define PACKAGE "ipap"
| #define VERSION "0.1"
| /* end confdefs.h.  */
| #include <ac_nonexistent.h>
configure:7544: checking for ANSI C header files
configure:7564: gcc -c -g -O2  conftest.c >&5
configure:7564: $? = 0
configure:7637: gcc -o conftest -g -O2   conftest.c  >&5
configure:7637: $? = 0
configure:7637: ./conftest
configure:7637: $? = 0
configure:7648: result: yes
configure:7661: checking for sys/types.h
configure:7661: gcc -c -g -O2  conftest.c >&5
configure:7661: $? = 0
configure:7661: result: yes
configure:7661: checking for sys/stat.h
configure:7661: gcc -c -g -O2  conftest.c >&5
configure:7661: $? = 0
configure:7661: result: yes
configure:7661: checking for stdlib.h
configure:7661: gcc -c -g -O2  conftest.c >&5
configure:7661: $? = 0
configure:7661: result: yes
configure:7661: checking for string.h
configure:7661: gcc -c -g -O2  conftest.c >&5
configure:7661: $? = 0
configure:7661: result: yes
configure:7661: checking for memory.h
configure:7661: gcc -c -g -O2  conftest.c >&5
configure:7661: $? = 0
configure:7661: result: yes
configure:7661: checking for strings.h
configure:7661: gcc -c -g -O2  conftest.c >&5
configure:7661: $? = 0
configure:7661: result: yes
configure:7661: checking for inttypes.h
configure:7661: gcc -c -g -O2  conftest.c >&5
configure:7661: $? = 0
configure:7661: result: yes
configure:7661: checking for stdint.h
configure:7661: gcc -c -g -O2  conftest.c >&5
configure:7661: $? = 0
configure:7661: result: yes
configure:7661: checking for unistd.h
configure:7661: gcc -c -g -O2  conftest.c >&5
configure:7661: $? = 0
configure:7661: result: yes
configure:7675: checking for dlfcn.h
configure:7675: gcc -c -g -O2  conftest.c >&5
configure:7675: $? = 0
configure:7675: result: yes
configure:7881: checking for objdir
configure:7896: result: .libs
configure:8167: checking if gcc supports -fno-rtti -fno-exceptions
configure:8185: gcc -c -g -O2  -fno-rtti -fno-exceptions conftest.c >&5
cc1: warning: command line option '-fno-rtti' is valid for C++/ObjC++ but not for C [enabled by default]
configure:8189: $? = 0
configure:8202: result: no
configure:8529: checking for gcc option to produce PIC
configure:8536: result: -fPIC -DPIC
configure:8544: checking if gcc PIC flag -fPIC -DPIC works
configure:8562: gcc -c -g -O2  -fPIC -DPIC -DPIC conftest.c >&5
configure:8566: $? = 0
configure:8579: result: yes
configure:8608: checking if gcc static flag -static works
configure:8636: result: yes
configure:8651: checking if gcc supports -c -o file.o
configure:8672: gcc -c -g -O2  -o out/conftest2.o conftest.c >&5
configure:8676: $? = 0
configure:8698: result: yes
configure:8706: checking if gcc supports -c -o file.o
configure:8753: result: yes
configure:8786: checking whether the gcc linker (/usr/bin/ld -m elf_x86_64) supports shared libraries
configure:9943: result: yes
configure:9980: checking whether -lc should be explicitly linked in
configure:9988: gcc -c -g -O2  conftest.c >&5
configure:9991: $? = 0
configure:10006: gcc -shared  -fPIC -DPIC conftest.o  -v -Wl,-soname -Wl,conftest -o conftest 2\>\&1 \| /bin/grep  -lc  \>/dev/null 2\>\&1
configure:10009: $? = 0
configure:10023: result: no
configure:10183: checking dynamic linker characteristics
configure:10694: gcc -o conftest -g -O2   -Wl,-rpath -Wl,/foo conftest.c  >&5
configure:10694: $? = 0
configure:10928: result: GNU/Linux ld.so
configure:11035: checking how to hardcode library paths into programs
configure:11060: result: immediate
configure:11600: checking whether stripping libraries is possible
configure:11605: result: yes
configure:11640: checking if libtool supports shared libraries
configure:11642: result: yes
configure:11645: checking whether to build shared libraries
configure:11666: result: yes
configure:11669: checking whether to build static libraries
configure:11673: result: yes
configure:11723: checking whether to enable maintainer-specific portions of Makefiles
configure:11732: result: no
configure:11805: checking for g++
configure:11821: found /usr/bin/g++
configure:11832: result: g++
configure:11859: checking for C++ compiler version
configure:11868: g++ --version >&5
g++ (Ubuntu 4.8.2-19ubuntu1) 4.8.2
Copyright (C) 2013 Free Software Foundation, Inc.
This is free software; see the source for copying conditions.  There is NO
warranty; not even for MERCHANTABILITY or FITNESS FOR A PARTICULAR PURPOSE.

configure:11879: $? = 0
configure:11868: g++ -v >&5
Using built-in specs.
COLLECT_GCC=g++
COLLECT_LTO_WRAPPER=/usr/lib/gcc/x86_64-linux-gnu/4.8/lto-wrapper
Target: x86_64-linux-gnu
Configured with: ../src/configure -v --with-pkgversion='Ubuntu 4.8.2-19ubuntu1' --with-bugurl=file:///usr/share/doc/gcc-4.8/README.Bugs --enable-languages=c,c++,java,go,d,fortran,objc,obj-c++ --prefix=/usr --program-suffix=-4.8 --enable-shared --enable-linker-build-id --libexecdir=/usr/lib --without-included-gettext --enable-threads=posix --with-gxx-include-dir=/usr/include/c++/4.8 --libdir=/usr/lib --enable-nls --with-sysroot=/ --enable-clocale=gnu --enable-libstdcxx-debug --enable-libstdcxx-time=yes --enable-gnu-unique-object --disable-libmudflap --enable-plugin --with-system-zlib --disable-browser-plugin --enable-java-awt=gtk --enable-gtk-cairo --with-java-home=/usr/lib/jvm/java-1.5.0-gcj-4.8-amd64/jre --enable-java-home --with-jvm-root-dir=/usr/lib/jvm/java-1.5.0-gcj-4.8-amd64 --with-jvm-jar-dir=/usr/lib/jvm-exports/java-1.5.0-gcj-4.8-amd64 --with-arch-directory=amd64 --with-ecj-jar=/usr/share/java/eclipse-ecj.jar --enable-objc-gc --enable-multiarch --disable-werror --with-arch-32=i686 --with-abi=m64 --with-multilib-list=m32,m64,mx32 --with-tune=generic --enable-checking=release --build=x86_64-linux-gnu --host=x86_64-linux-gnu --target=x86_64-linux-gnu
Thread model: posix
gcc version 4.8.2 (Ubuntu 4.8.2-19ubuntu1) 
configure:11879: $? = 0
configure:11868: g++ -V >&5
g++: error: unrecognized command line option '-V'
g++: fatal error: no input files
compilation terminated.
configure:11879: $? = 4
configure:11868: g++ -qversion >&5
g++: error: unrecognized command line option '-qversion'
g++: fatal error: no input files
compilation terminated.
configure:11879: $? = 4
configure:11883: checking whether we are using the GNU C++ compiler
configure:11902: g++ -c   conftest.cpp >&5
configure:11902: $? = 0
configure:11911: result: yes
configure:11920: checking whether g++ accepts -g
configure:11940: g++ -c -g  conftest.cpp >&5
configure:11940: $? = 0
configure:11981: result: yes
configure:12006: checking dependency style of g++
configure:12117: result: gcc3
configure:12150: checking how to run the C++ preprocessor
configure:12177: g++ -E  conftest.cpp
configure:12177: $? = 0
configure:12191: g++ -E  conftest.cpp
conftest.cpp:23:28: fatal error: ac_nonexistent.h: No such file or directory
 #include <ac_nonexistent.h>
                            ^
compilation terminated.
configure:12191: $? = 1
configure: failed program was:
| /* confdefs.h */
| #define PACKAGE_NAME "ipap"
| #define PACKAGE_TARNAME "ipap"
| #define PACKAGE_VERSION "0.1"
| #define PACKAGE_STRING "ipap 0.1"
| #define PACKAGE_BUGREPORT "la.marentes455@uniandes.edu.co"
| #define PACKAGE_URL ""
| #define PACKAGE "ipap"
| #define VERSION "0.1"
| #define STDC_HEADERS 1
| #define HAVE_SYS_TYPES_H 1
| #define HAVE_SYS_STAT_H 1
| #define HAVE_STDLIB_H 1
| #define HAVE_STRING_H 1
| #define HAVE_MEMORY_H 1
| #define HAVE_STRINGS_H 1
| #define HAVE_INTTYPES_H 1
| #define HAVE_STDINT_H 1
| #define HAVE_UNISTD_H 1
| #define HAVE_DLFCN_H 1
| #define LT_OBJDIR ".libs/"
| /* end confdefs.h.  */
| #include <ac_nonexistent.h>
configure:12216: result: g++ -E
configure:12236: g++ -E  conftest.cpp
configure:12236: $? = 0
configure:12250: g++ -E  conftest.cpp
conftest.cpp:23:28: fatal error: ac_nonexistent.h: No such file or directory
 #include <ac_nonexistent.h>
                            ^
compilation terminated.
configure:12250: $? = 1
configure: failed program was:
| /* confdefs.h */
| #define PACKAGE_NAME "ipap"
| #define PACKAGE_TARNAME "ipap"
| #define PACKAGE_VERSION "0.1"
| #define PACKAGE_STRING "ipap 0.1"
| #define PACKAGE_BUGREPORT "la.marentes455@uniandes.edu.co"
| #define PACKAGE_URL ""
| #define PACKAGE "ipap"
| #define VERSION "0.1"
| #define STDC_HEADERS 1
| #define HAVE_SYS_TYPES_H 1
| #define HAVE_SYS_STAT_H 1
| #define HAVE_STDLIB_H 1
| #define HAVE_STRING_H 1
| #define HAVE_MEMORY_H 1
| #define HAVE_STRINGS_H 1
| #define HAVE_INTTYPES_H 1
| #define HAVE_STDINT_H 1
| #define HAVE_UNISTD_H 1
| #define HAVE_DLFCN_H 1
| #define LT_OBJDIR ".libs/"
| /* end confdefs.h.  */
| #include <ac_nonexistent.h>
configure:12419: checking for ld used by g++
configure:12486: result: /usr/bin/ld -m elf_x86_64
configure:12493: checking if the linker (/usr/bin/ld -m elf_x86_64) is GNU ld
configure:12508: result: yes
configure:12563: checking whether the g++ linker (/usr/bin/ld -m elf_x86_64) supports shared libraries
configure:13568: result: yes
configure:13604: g++ -c -g -O2  conftest.cpp >&5
configure:13607: $? = 0
configure:14127: checking for g++ option to produce PIC
configure:14134: result: -fPIC -DPIC
configure:14142: checking if g++ PIC flag -fPIC -DPIC works
configure:14160: g++ -c -g -O2  -fPIC -DPIC -DPIC conftest.cpp >&5
configure:14164: $? = 0
configure:14177: result: yes
configure:14200: checking if g++ static flag -static works
configure:14228: result: yes
configure:14240: checking if g++ supports -c -o file.o
configure:14261: g++ -c -g -O2  -o out/conftest2.o conftest.cpp >&5
configure:14265: $? = 0
configure:14287: result: yes
configure:14292: checking if g++ supports -c -o file.o
configure:14339: result: yes
configure:14369: checking whether the g++ linker (/usr/bin/ld -m elf_x86_64) supports shared libraries
configure:14408: result: yes
configure:14549: checking dynamic linker characteristics
configure:15228: result: GNU/Linux ld.so
configure:15281: checking how to hardcode library paths into programs
configure:15306: result: immediate
configure:15394: checking for gcc
configure:15421: result: gcc
configure:15650: checking for C compiler version
configure:15659: gcc --version >&5
gcc (Ubuntu 4.8.2-19ubuntu1) 4.8.2
Copyright (C) 2013 Free Software Foundation, Inc.
This is free software; see the source for copying conditions.  There is NO
warranty; not even for MERCHANTABILITY or FITNESS FOR A PARTICULAR PURPOSE.

configure:15670: $? = 0
configure:15659: gcc -v >&5
Using built-in specs.
COLLECT_GCC=gcc
COLLECT_LTO_WRAPPER=/usr/lib/gcc/x86_64-linux-gnu/4.8/lto-wrapper
Target: x86_64-linux-gnu
Configured with: ../src/configure -v --with-pkgversion='Ubuntu 4.8.2-19ubuntu1' --with-bugurl=file:///usr/share/doc/gcc-4.8/README.Bugs --enable-languages=c,c++,java,go,d,fortran,objc,obj-c++ --prefix=/usr --program-suffix=-4.8 --enable-shared --enable-linker-build-id --libexecdir=/usr/lib --without-included-gettext --enable-threads=posix --with-gxx-include-dir=/usr/include/c++/4.8 --libdir=/usr/lib --enable-nls --with-sysroot=/ --enable-clocale=gnu --enable-libstdcxx-debug --enable-libstdcxx-time=yes --enable-gnu-unique-object --disable-libmudflap --enable-plugin --with-system-zlib --disable-browser-plugin --enable-java-awt=gtk --enable-gtk-cairo --with-java-home=/usr/lib/jvm/java-1.5.0-gcj-4.8-amd64/jre --enable-java-home --with-jvm-root-dir=/usr/lib/jvm/java-1.5.0-gcj-4.8-amd64 --with-jvm-jar-dir=/usr/lib/jvm-exports/java-1.5.0-gcj-4.8-amd64 --with-arch-directory=amd64 --with-ecj-jar=/usr/share/java/eclipse-ecj.jar --enable-objc-gc --enable-multiarch --disable-werror --with-arch-32=i686 --with-abi=m64 --with-multilib-list=m32,m64,mx32 --with-tune=generic --enable-checking=release --build=x86_64-linux-gnu --host=x86_64-linux-gnu --target=x86_64-linux-gnu
Thread model: posix
gcc version 4.8.2 (Ubuntu 4.8.2-19ubuntu1) 
configure:15670: $? = 0
configure:15659: gcc -V >&5
gcc: error: unrecognized command line option '-V'
gcc: fatal error: no input files
compilation terminated.
configure:15670: $? = 4
configure:15659: gcc -qversion >&5
gcc: error: unrecognized command line option '-qversion'
gcc: fatal error: no input files
compilation terminated.
configure:15670: $? = 4
configure:15674: checking whether we are using the GNU C compiler
configure:15702: result: yes
configure:15711: checking whether gcc accepts -g
configure:15772: result: yes
configure:15789: checking for gcc option to accept ISO C89
configure:15865: result: none needed
configure:15890: checking whether gcc understands -c and -o together
configure:15927: result: yes
configure:15946: checking dependency style of gcc
configure:16057: result: gcc3
configure:16076: checking for gawk
configure:16103: result: gawk
configure:16124: checking for stdbool.h that conforms to C99
configure:16191: g++ -c -g -O2  conftest.cpp >&5
configure:16191: $? = 0
configure:16198: result: yes
configure:16200: checking for _Bool
configure:16200: g++ -c -g -O2  conftest.cpp >&5
conftest.cpp: In function 'int main()':
conftest.cpp:59:13: error: '_Bool' was not declared in this scope
 if (sizeof (_Bool))
             ^
configure:16200: $? = 1
configure: failed program was:
| /* confdefs.h */
| #define PACKAGE_NAME "ipap"
| #define PACKAGE_TARNAME "ipap"
| #define PACKAGE_VERSION "0.1"
| #define PACKAGE_STRING "ipap 0.1"
| #define PACKAGE_BUGREPORT "la.marentes455@uniandes.edu.co"
| #define PACKAGE_URL ""
| #define PACKAGE "ipap"
| #define VERSION "0.1"
| #define STDC_HEADERS 1
| #define HAVE_SYS_TYPES_H 1
| #define HAVE_SYS_STAT_H 1
| #define HAVE_STDLIB_H 1
| #define HAVE_STRING_H 1
| #define HAVE_MEMORY_H 1
| #define HAVE_STRINGS_H 1
| #define HAVE_INTTYPES_H 1
| #define HAVE_STDINT_H 1
| #define HAVE_UNISTD_H 1
| #define HAVE_DLFCN_H 1
| #define LT_OBJDIR ".libs/"
| /* end confdefs.h.  */
| #include <stdio.h>
| #ifdef HAVE_SYS_TYPES_H
| # include <sys/types.h>
| #endif
| #ifdef HAVE_SYS_STAT_H
| # include <sys/stat.h>
| #endif
| #ifdef STDC_HEADERS
| # include <stdlib.h>
| # include <stddef.h>
| #else
| # ifdef HAVE_STDLIB_H
| #  include <stdlib.h>
| # endif
| #endif
| #ifdef HAVE_STRING_H
| # if !defined STDC_HEADERS && defined HAVE_MEMORY_H
| #  include <memory.h>
| # endif
| # include <string.h>
| #endif
| #ifdef HAVE_STRINGS_H
| # include <strings.h>
| #endif
| #ifdef HAVE_INTTYPES_H
| # include <inttypes.h>
| #endif
| #ifdef HAVE_STDINT_H
| # include <stdint.h>
| #endif
| #ifdef HAVE_UNISTD_H
| # include <unistd.h>
| #endif
| int
| main ()
| {
| if (sizeof (_Bool))
| 	 return 0;
|   ;
|   return 0;
| }
configure:16200: result: no
configure:16269: pkgconfig directory is ${exec_prefix}/lib/pkgconfig
configure:16459: checking that generated files are newer than configure
configure:16465: result: done
configure:16504: creating ./config.status

## ---------------------- ##
## Running config.status. ##
## ---------------------- ##

This file was extended by ipap config.status 0.1, which was
generated by GNU Autoconf 2.69.  Invocation command line was

  CONFIG_FILES    = 
  CONFIG_HEADERS  = 
  CONFIG_LINKS    = 
  CONFIG_COMMANDS = 
  $ ./config.status 

on luis-VirtualBox

config.status:1079: creating Makefile
config.status:1079: creating libipap-0.0.pc
config.status:1079: creating src/Makefile
config.status:1079: creating test/Makefile
config.status:1251: executing depfiles commands
config.status:1251: executing libtool commands

## ---------------- ##
## Cache variables. ##
## ---------------- ##

ac_cv_build=x86_64-unknown-linux-gnu
ac_cv_c_compiler_gnu=yes
ac_cv_cxx_compiler_gnu=yes
ac_cv_env_CCC_set=
ac_cv_env_CCC_value=
ac_cv_env_CC_set=
ac_cv_env_CC_value=
ac_cv_env_CFLAGS_set=
ac_cv_env_CFLAGS_value=
ac_cv_env_CPPFLAGS_set=
ac_cv_env_CPPFLAGS_value=
ac_cv_env_CPP_set=
ac_cv_env_CPP_value=
ac_cv_env_CXXCPP_set=
ac_cv_env_CXXCPP_value=
ac_cv_env_CXXFLAGS_set=
ac_cv_env_CXXFLAGS_value=
ac_cv_env_CXX_set=
ac_cv_env_CXX_value=
ac_cv_env_LDFLAGS_set=
ac_cv_env_LDFLAGS_value=
ac_cv_env_LIBS_set=
ac_cv_env_LIBS_value=
ac_cv_env_build_alias_set=
ac_cv_env_build_alias_value=
ac_cv_env_host_alias_set=
ac_cv_env_host_alias_value=
ac_cv_env_target_alias_set=
ac_cv_env_target_alias_value=
ac_cv_header_dlfcn_h=yes
ac_cv_header_inttypes_h=yes
ac_cv_header_memory_h=yes
ac_cv_header_stdbool_h=yes
ac_cv_header_stdc=yes
ac_cv_header_stdint_h=yes
ac_cv_header_stdlib_h=yes
ac_cv_header_string_h=yes
ac_cv_header_strings_h=yes
ac_cv_header_sys_stat_h=yes
ac_cv_header_sys_types_h=yes
ac_cv_header_unistd_h=yes
ac_cv_host=x86_64-unknown-linux-gnu
ac_cv_objext=o
ac_cv_path_CPPUNIT_CONFIG=/usr/bin/cppunit-config
ac_cv_path_EGREP='/bin/grep -E'
ac_cv_path_FGREP='/bin/grep -F'
ac_cv_path_GREP=/bin/grep
ac_cv_path_SED=/bin/sed
ac_cv_path_install='/usr/bin/install -c'
ac_cv_path_mkdir=/bin/mkdir
ac_cv_prog_AWK=gawk
ac_cv_prog_CPP='gcc -E'
ac_cv_prog_CXXCPP='g++ -E'
ac_cv_prog_ac_ct_AR=ar
ac_cv_prog_ac_ct_CC=gcc
ac_cv_prog_ac_ct_CXX=g++
ac_cv_prog_ac_ct_MANIFEST_TOOL=mt
ac_cv_prog_ac_ct_OBJDUMP=objdump
ac_cv_prog_ac_ct_RANLIB=ranlib
ac_cv_prog_ac_ct_STRIP=strip
ac_cv_prog_cc_c89=
ac_cv_prog_cc_g=yes
ac_cv_prog_cxx_g=yes
ac_cv_prog_make_make_set=yes
ac_cv_type__Bool=no
am_cv_CC_dependencies_compiler_type=gcc3
am_cv_CXX_dependencies_compiler_type=gcc3
am_cv_make_support_nested_variables=yes
am_cv_prog_cc_c_o=yes
lt_cv_ar_at_file=@
lt_cv_archive_cmds_need_lc=no
lt_cv_deplibs_check_method=pass_all
lt_cv_file_magic_cmd='$MAGIC_CMD'
lt_cv_file_magic_test_file=
lt_cv_ld_reload_flag=-r
lt_cv_nm_interface='BSD nm'
lt_cv_objdir=.libs
lt_cv_path_LD=/usr/bin/ld
lt_cv_path_LDCXX='/usr/bin/ld -m elf_x86_64'
lt_cv_path_NM='/usr/bin/nm -B'
lt_cv_path_mainfest_tool=no
lt_cv_prog_compiler_c_o=yes
lt_cv_prog_compiler_c_o_CXX=yes
lt_cv_prog_compiler_pic='-fPIC -DPIC'
lt_cv_prog_compiler_pic_CXX='-fPIC -DPIC'
lt_cv_prog_compiler_pic_works=yes
lt_cv_prog_compiler_pic_works_CXX=yes
lt_cv_prog_compiler_rtti_exceptions=no
lt_cv_prog_compiler_static_works=yes
lt_cv_prog_compiler_static_works_CXX=yes
lt_cv_prog_gnu_ld=yes
lt_cv_prog_gnu_ldcxx=yes
lt_cv_sharedlib_from_linklib_cmd='printf %s\n'
lt_cv_shlibpath_overrides_runpath=no
lt_cv_sys_global_symbol_pipe='sed -n -e '\''s/^.*[	 ]\([ABCDGIRSTW][ABCDGIRSTW]*\)[	 ][	 ]*\([_A-Za-z][_A-Za-z0-9]*\)$/\1 \2 \2/p'\'' | sed '\''/ __gnu_lto/d'\'''
lt_cv_sys_global_symbol_to_c_name_address='sed -n -e '\''s/^: \([^ ]*\)[ ]*$/  {\"\1\", (void *) 0},/p'\'' -e '\''s/^[ABCDGIRSTW]* \([^ ]*\) \([^ ]*\)$/  {"\2", (void *) \&\2},/p'\'''
lt_cv_sys_global_symbol_to_c_name_address_lib_prefix='sed -n -e '\''s/^: \([^ ]*\)[ ]*$/  {\"\1\", (void *) 0},/p'\'' -e '\''s/^[ABCDGIRSTW]* \([^ ]*\) \(lib[^ ]*\)$/  {"\2", (void *) \&\2},/p'\'' -e '\''s/^[ABCDGIRSTW]* \([^ ]*\) \([^ ]*\)$/  {"lib\2", (void *) \&\2},/p'\'''
lt_cv_sys_global_symbol_to_cdecl='sed -n -e '\''s/^T .* \(.*\)$/extern int \1();/p'\'' -e '\''s/^[ABCDGIRSTW]* .* \(.*\)$/extern char \1;/p'\'''
lt_cv_sys_max_cmd_len=1572864
lt_cv_to_host_file_cmd=func_convert_file_noop
lt_cv_to_tool_file_cmd=func_convert_file_noop

## ----------------- ##
## Output variables. ##
## ----------------- ##

ACLOCAL='${SHELL} /home/luis/IPAP_Protocol/missing aclocal-1.14'
AMDEPBACKSLASH='\'
AMDEP_FALSE='#'
AMDEP_TRUE=''
AMTAR='$${TAR-tar}'
AM_BACKSLASH='\'
AM_DEFAULT_V='$(AM_DEFAULT_VERBOSITY)'
AM_DEFAULT_VERBOSITY='1'
AM_V='$(V)'
AR='ar'
AUTOCONF='${SHELL} /home/luis/IPAP_Protocol/missing autoconf'
AUTOHEADER='${SHELL} /home/luis/IPAP_Protocol/missing autoheader'
AUTOMAKE='${SHELL} /home/luis/IPAP_Protocol/missing automake-1.14'
AWK='gawk'
CC='gcc'
CCDEPMODE='depmode=gcc3'
CFLAGS='-g -O2'
CPP='gcc -E'
CPPFLAGS=''
CPPUNIT_CFLAGS=''
CPPUNIT_CONFIG='/usr/bin/cppunit-config'
CPPUNIT_LIBS='-L/usr/lib/x86_64-linux-gnu -lcppunit -ldl'
CXX='g++'
CXXCPP='g++ -E'
CXXDEPMODE='depmode=gcc3'
CXXFLAGS='-g -O2'
CYGPATH_W='echo'
DEFS='-DPACKAGE_NAME=\"ipap\" -DPACKAGE_TARNAME=\"ipap\" -DPACKAGE_VERSION=\"0.1\" -DPACKAGE_STRING=\"ipap\ 0.1\" -DPACKAGE_BUGREPORT=\"la.marentes455@uniandes.edu.co\" -DPACKAGE_URL=\"\" -DPACKAGE=\"ipap\" -DVERSION=\"0.1\" -DSTDC_HEADERS=1 -DHAVE_SYS_TYPES_H=1 -DHAVE_SYS_STAT_H=1 -DHAVE_STDLIB_H=1 -DHAVE_STRING_H=1 -DHAVE_MEMORY_H=1 -DHAVE_STRINGS_H=1 -DHAVE_INTTYPES_H=1 -DHAVE_STDINT_H=1 -DHAVE_UNISTD_H=1 -DHAVE_DLFCN_H=1 -DLT_OBJDIR=\".libs/\" -DHAVE_STDBOOL_H=1 -DENABLE_DEBUG=1 -DDEF_SYSCONFDIR=\"/usr/local/etc/ipap\" -DDEF_STATEDIR=\"/usr/local/var\" -DDEF_LIBDIR=\"/usr/local/lib/ipap\" -DDEF_BINDIR=\"/usr/local/bin\"'
DEPDIR='.deps'
DLLTOOL='false'
DSYMUTIL=''
DUMPBIN=''
ECHO_C=''
ECHO_N='-n'
ECHO_T=''
EGREP='/bin/grep -E'
ENABLE_DEBUG_FALSE='#'
ENABLE_DEBUG_TRUE=''
EXEEXT=''
FGREP='/bin/grep -F'
GREP='/bin/grep'
INSTALL_DATA='${INSTALL} -m 644'
INSTALL_PROGRAM='${INSTALL}'
INSTALL_SCRIPT='${INSTALL}'
INSTALL_STRIP_PROGRAM='$(install_sh) -c -s'
LD='/usr/bin/ld -m elf_x86_64'
LDFLAGS=''
LIBOBJS=''
LIBS=''
LIBTOOL='$(SHELL) $(top_builddir)/libtool'
LIPO=''
LN_S='ln -s'
LTLIBOBJS=''
MAINT='#'
MAINTAINER_MODE_FALSE=''
MAINTAINER_MODE_TRUE='#'
MAKEINFO='${SHELL} /home/luis/IPAP_Protocol/missing makeinfo'
MANIFEST_TOOL=':'
MKDIR_P='/bin/mkdir -p'
NM='/usr/bin/nm -B'
NMEDIT=''
OBJDUMP='objdump'
OBJEXT='o'
OTOOL64=''
OTOOL=''
PACKAGE='ipap'
PACKAGE_BUGREPORT='la.marentes455@uniandes.edu.co'
PACKAGE_NAME='ipap'
PACKAGE_STRING='ipap 0.1'
PACKAGE_TARNAME='ipap'
PACKAGE_URL=''
PACKAGE_VERSION='0.1'
PATH_SEPARATOR=':'
RANLIB='ranlib'
SED='/bin/sed'
SET_MAKE=''
SHELL='/bin/bash'
STRIP='strip'
VERSION='0.1'
ac_ct_AR='ar'
ac_ct_CC='gcc'
ac_ct_CXX='g++'
ac_ct_DUMPBIN=''
am__EXEEXT_FALSE=''
am__EXEEXT_TRUE='#'
am__fastdepCC_FALSE='#'
am__fastdepCC_TRUE=''
am__fastdepCXX_FALSE='#'
am__fastdepCXX_TRUE=''
am__include='include'
am__isrc=''
am__leading_dot='.'
am__nodep='_no'
am__quote=''
am__tar='$${TAR-tar} chof - "$$tardir"'
am__untar='$${TAR-tar} xf -'
bindir='${exec_prefix}/bin'
build='x86_64-unknown-linux-gnu'
build_alias=''
build_cpu='x86_64'
build_os='linux-gnu'
build_vendor='unknown'
datadir='${datarootdir}'
datarootdir='${prefix}/share'
docdir='${datarootdir}/doc/${PACKAGE_TARNAME}'
dvidir='${docdir}'
exec_prefix='/usr/local'
host='x86_64-unknown-linux-gnu'
host_alias=''
host_cpu='x86_64'
host_os='linux-gnu'
host_vendor='unknown'
htmldir='${docdir}'
includedir='${prefix}/include'
infodir='${datarootdir}/info'
install_sh='${SHELL} /home/luis/IPAP_Protocol/install-sh'
libdir='${exec_prefix}/lib/ipap'
libexecdir='${exec_prefix}/libexec'
localedir='${datarootdir}/locale'
localstatedir='${prefix}/var'
mandir='${datarootdir}/man'
mkdir_p='$(MKDIR_P)'
oldincludedir='/usr/include'
pdfdir='${docdir}'
pkgconfigdir='${exec_prefix}/lib/pkgconfig'
prefix='/usr/local'
program_transform_name='s,x,x,'
psdir='${docdir}'
sbindir='${exec_prefix}/sbin'
sharedstatedir='${prefix}/com'
sysconfdir='${prefix}/etc/ipap'
target_alias=''

## ----------- ##
## confdefs.h. ##
## ----------- ##

/* confdefs.h */
#define PACKAGE_NAME "ipap"
#define PACKAGE_TARNAME "ipap"
#define PACKAGE_VERSION "0.1"
#define PACKAGE_STRING "ipap 0.1"
#define PACKAGE_BUGREPORT "la.marentes455@uniandes.edu.co"
#define PACKAGE_URL ""
#define PACKAGE "ipap"
#define VERSION "0.1"
#define STDC_HEADERS 1
#define HAVE_SYS_TYPES_H 1
#define HAVE_SYS_STAT_H 1
#define HAVE_STDLIB_H 1
#define HAVE_STRING_H 1
#define HAVE_MEMORY_H 1
#define HAVE_STRINGS_H 1
#define HAVE_INTTYPES_H 1
#define HAVE_STDINT_H 1
#define HAVE_UNISTD_H 1
#define HAVE_DLFCN_H 1
#define LT_OBJDIR ".libs/"
#define HAVE_STDBOOL_H 1
#define ENABLE_DEBUG 1
#define DEF_SYSCONFDIR "/usr/local/etc/ipap"
#define DEF_STATEDIR "/usr/local/var"
#define DEF_LIBDIR "/usr/local/lib/ipap"
#define DEF_BINDIR "/usr/local/bin"

configure: exit 0
